<?xml version="1.0" encoding="UTF-8"?>
<testng-results ignored="0" total="2" passed="2" failed="0" skipped="0">
  <reporter-output>
  </reporter-output>
  <suite started-at="2024-08-27T16:00:56 IST" name="Default suite" finished-at="2024-08-27T16:00:56 IST" duration-ms="53">
    <groups>
    </groups>
    <test started-at="2024-08-27T16:00:56 IST" name="Default test" finished-at="2024-08-27T16:00:56 IST" duration-ms="53">
      <class name="Demo.Snippet">
        <test-method signature="login()[pri:0, instance:Demo.Snippet@7d4f9aae]" started-at="2024-08-27T16:00:56 IST" name="login" finished-at="2024-08-27T16:00:56 IST" duration-ms="8" status="PASS">
          <reporter-output>
          </reporter-output>
        </test-method> <!-- login -->
        <test-method signature="main()[pri:0, instance:Demo.Snippet@7d4f9aae]" started-at="2024-08-27T16:00:56 IST" name="main" finished-at="2024-08-27T16:00:56 IST" duration-ms="1" status="PASS">
          <reporter-output>
          </reporter-output>
        </test-method> <!-- main -->
      </class> <!-- Demo.Snippet -->
    </test> <!-- Default test -->
  </suite> <!-- Default suite -->
</testng-results>
